This is XeTeX, Version 3.1415926-2.4-0.9998 (MiKTeX 2.9) (preloaded format=xelatex 2016.1.19)  4 NOV 2016 15:32
entering extended mode
**sig-alternate-sample.tex

("C:\Users\Madhavan Seshadri\PycharmProjects\APIRecognition\NLP Report\sig-alte
rnate-sample.tex"
LaTeX2e <2011/06/27>
Babel <v3.8m> and hyphenation patterns for english, afrikaans, ancientgreek, ar
abic, armenian, assamese, basque, bengali, bokmal, bulgarian, catalan, coptic, 
croatian, czech, danish, dutch, esperanto, estonian, farsi, finnish, french, ga
lician, german, german-x-2012-05-30, greek, gujarati, hindi, hungarian, iceland
ic, indonesian, interlingua, irish, italian, kannada, kurmanji, latin, latvian,
 lithuanian, malayalam, marathi, mongolian, mongolianlmc, monogreek, ngerman, n
german-x-2012-05-30, nynorsk, oriya, panjabi, pinyin, polish, portuguese, roman
ian, russian, sanskrit, serbian, slovak, slovenian, spanish, swedish, swissgerm
an, tamil, telugu, turkish, turkmen, ukenglish, ukrainian, uppersorbian, usengl
ishmax, welsh, loaded.

("C:\Users\Madhavan Seshadri\PycharmProjects\APIRecognition\NLP Report\sig-alte
rnate-05-2015.cls"
("C:\Program Files (x86)\MiKTeX 2.9\tex\latex\graphics\epsfig.sty"
Package: epsfig 1999/02/16 v1.7a (e)psfig emulation (SPQR)

("C:\Program Files (x86)\MiKTeX 2.9\tex\latex\graphics\graphicx.sty"
Package: graphicx 1999/02/16 v1.0f Enhanced LaTeX Graphics (DPC,SPQR)

("C:\Program Files (x86)\MiKTeX 2.9\tex\latex\graphics\keyval.sty"
Package: keyval 1999/03/16 v1.13 key=value parser (DPC)
\KV@toks@=\toks14
)
("C:\Program Files (x86)\MiKTeX 2.9\tex\latex\graphics\graphics.sty"
Package: graphics 2009/02/05 v1.0o Standard LaTeX Graphics (DPC,SPQR)

("C:\Program Files (x86)\MiKTeX 2.9\tex\latex\graphics\trig.sty"
Package: trig 1999/03/16 v1.09 sin cos tan (DPC)
)
("C:\Program Files (x86)\MiKTeX 2.9\tex\latex\00miktex\graphics.cfg"
File: graphics.cfg 2007/01/18 v1.5 graphics configuration of teTeX/TeXLive
)
Package graphics Info: Driver file: xetex.def on input line 91.

("C:\Users\Madhavan Seshadri\AppData\Roaming\MiKTeX\2.9\tex\xelatex\xetex-def\x
etex.def"
File: xetex.def 2015/09/11 v4.06 LaTeX color/graphics driver for XeTeX (TeX Liv
e/RRM/JK)
 ("C:\Program Files (x86)\MiKTeX 2.9\tex\generic\oberdiek\infwarerr.sty"
Package: infwarerr 2010/04/08 v1.3 Providing info/warning/error messages (HO)
) ("C:\Program Files (x86)\MiKTeX 2.9\tex\generic\oberdiek\ltxcmds.sty"
Package: ltxcmds 2011/11/09 v1.22 LaTeX kernel commands for general use (HO)
)))
\Gin@req@height=\dimen102
\Gin@req@width=\dimen103
)
\epsfxsize=\dimen104
\epsfysize=\dimen105
)
("C:\Program Files (x86)\MiKTeX 2.9\tex\latex\amsfonts\amssymb.sty"
Package: amssymb 2013/01/14 v3.01 AMS font symbols

("C:\Program Files (x86)\MiKTeX 2.9\tex\latex\amsfonts\amsfonts.sty"
Package: amsfonts 2013/01/14 v3.01 Basic AMSFonts support
\@emptytoks=\toks15
\symAMSa=\mathgroup4
\symAMSb=\mathgroup5
LaTeX Font Info:    Overwriting math alphabet `\mathfrak' in version `bold'
(Font)                  U/euf/m/n --> U/euf/b/n on input line 106.
))
("C:\Program Files (x86)\MiKTeX 2.9\tex\latex\amsmath\amsmath.sty"
Package: amsmath 2013/01/14 v2.14 AMS math features
\@mathmargin=\skip41

For additional information on amsmath, use the `?' option.
("C:\Program Files (x86)\MiKTeX 2.9\tex\latex\amsmath\amstext.sty"
Package: amstext 2000/06/29 v2.01

("C:\Program Files (x86)\MiKTeX 2.9\tex\latex\amsmath\amsgen.sty"
File: amsgen.sty 1999/11/30 v2.0
\@emptytoks=\toks16
\ex@=\dimen106
))
("C:\Program Files (x86)\MiKTeX 2.9\tex\latex\amsmath\amsbsy.sty"
Package: amsbsy 1999/11/29 v1.2d
\pmbraise@=\dimen107
)
("C:\Program Files (x86)\MiKTeX 2.9\tex\latex\amsmath\amsopn.sty"
Package: amsopn 1999/12/14 v2.01 operator names
)
\inf@bad=\count80
LaTeX Info: Redefining \frac on input line 210.
\uproot@=\count81
\leftroot@=\count82
LaTeX Info: Redefining \overline on input line 306.
\classnum@=\count83
\DOTSCASE@=\count84
LaTeX Info: Redefining \ldots on input line 378.
LaTeX Info: Redefining \dots on input line 381.
LaTeX Info: Redefining \cdots on input line 466.
\Mathstrutbox@=\box26
\strutbox@=\box27
\big@size=\dimen108
LaTeX Font Info:    Redeclaring font encoding OML on input line 566.
LaTeX Font Info:    Redeclaring font encoding OMS on input line 567.
\macc@depth=\count85
\c@MaxMatrixCols=\count86
\dotsspace@=\muskip10
\c@parentequation=\count87
\dspbrk@lvl=\count88
\tag@help=\toks17
\row@=\count89
\column@=\count90
\maxfields@=\count91
\andhelp@=\toks18
\eqnshift@=\dimen109
\alignsep@=\dimen110
\tagshift@=\dimen111
\tagwidth@=\dimen112
\totwidth@=\dimen113
\lineht@=\dimen114
\@envbody=\toks19
\multlinegap=\skip42
\multlinetaggap=\skip43
\mathdisplay@stack=\toks20
LaTeX Info: Redefining \[ on input line 2665.
LaTeX Info: Redefining \] on input line 2666.
)
Document Class 'sig-alternate' <9th June '13>. Modified by G.K.M. Tobin/Gerry M
urray/Boris Veytsman
Based in part upon document Style `acmconf' <22 May 89>. Hacked 4/91 by
shivers@cs.cmu.edu, 4/93 by theobald@cs.mcgill.ca
Excerpts were taken from (Journal Style) 'esub2acm.cls'.
****** Bugs/comments/suggestions/technicalities to Gerry Murray -- murray@hq.ac
m.org ******
Questions on the style, SIGS policies, etc. to Adrienne Griscti griscti@acm.org

\ACM@basesize=\count92

("C:\Users\Madhavan Seshadri\AppData\Roaming\MiKTeX\2.9\tex\latex\comment\comme
nt.sty"
\CommentStream=\write3
 Excluding comment 'comment') Excluding comment 'CCSXML'
\footheight=\dimen115
\@maxsep=\dimen116
\@dblmaxsep=\dimen117

("C:\Program Files (x86)\MiKTeX 2.9\tex\generic\oberdiek\ifpdf.sty"
Package: ifpdf 2011/01/30 v2.3 Provides the ifpdf switch (HO)
Package ifpdf Info: pdfTeX in PDF mode is not detected.
)
\aucount=\count93
\originalaucount=\count94
\auwidth=\dimen118
\auskip=\dimen119
\auskipcount=\count95
\auskip=\dimen120
\allauboxes=\dimen121
\addauthors=\toks21
\addauflag=\count96
\subtitletext=\toks22
Requested font "ptmb8t" at 12.0pt
 -> ptmb8t
Requested font "ptmbi8t" at 12.0pt
 -> ptmbi8t
Requested font "ptmri8t" at 11.0pt
 -> ptmri8t
Requested font "ptmbi8t" at 11.0pt
 -> ptmbi8t
Requested font "phvb8t" at 18.0pt
 -> phvb8t
Requested font "phvbo8t" at 18.0pt
 -> phvbo8t
Requested font "phvr8t" at 14.0pt
 -> phvr8t
Requested font "phvro8t" at 14.0pt
 -> phvro8t
Requested font "phvb8t" at 14.0pt
 -> phvb8t
Requested font "phvr8t" at 12.0pt
 -> phvr8t
Requested font "phvro8t" at 12.0pt
 -> phvro8t
Requested font "phvr8t" at 10.0pt
 -> phvr8t
Requested font "phvro8t" at 10.0pt
 -> phvro8t
Requested font "ptmr8t" at 9.0pt
 -> ptmr8t
Requested font "ptmri8t" at 8.0pt
 -> ptmri8t
Requested font "ptmr8t" at 8.0pt
 -> ptmr8t
\savesection=\count97
\sectioncntr=\count98
\c@figure=\count99
\c@table=\count100
\titleboxnotes=\toks23
\titleboxnoteflag=\count101


LaTeX Warning: You have requested document class `sig-alternate-05-2015',
               but the document class provides `sig-alternate'.

Document Class: sig-alternate 2013/05/12 v2.7 based on acmproc.cls V1.3 <Nov. 3
0 '99>
("C:\Program Files (x86)\MiKTeX 2.9\tex\latex\base\latexsym.sty"
Package: latexsym 1998/08/17 v2.2e Standard LaTeX package (lasy symbols)
\symlasy=\mathgroup6
LaTeX Font Info:    Overwriting symbol font `lasy' in version `bold'
(Font)                  U/lasy/m/n --> U/lasy/b/n on input line 47.
)
Requested font "cmr9" at 9.0pt
 -> cmr9
\@acmtitlebox=\box28
\titlenotecount=\count102
\tntoks=\toks24
\tntokstwo=\toks25
\tntoksthree=\toks26
\tntoksfour=\toks27
\tntoksfive=\toks28
\catcount=\count103
\copyrightnotice=\toks29
\conf=\toks30
\confinfo=\toks31
\c@part=\count104
\c@section=\count105
\c@subsection=\count106
\c@subsubsection=\count107
\c@paragraph=\count108

Using 'Abbrev' bibliography style
LaTeX Info: Redefining \cite on input line 1408.
\bibindent=\dimen122
\colcntr=\count109
\saveb@x=\box29
\copyrtyr=\toks32
\acmcopyr=\toks33
\boilerplate=\toks34
("C:\Program Files (x86)\MiKTeX 2.9\tex\xelatex\xetexurl\url.sty"
\Urlmuskip=\muskip11
Package: url 2004/03/15  ver 3.1  Verb mode for urls, etc.
)
("C:\Users\Madhavan Seshadri\PycharmProjects\APIRecognition\NLP Report\acmcopyr
ight.sty"
Package: acmcopyright 2014/06/29 v1.2 Copyright statemens for ACM classes
 ("C:\Program Files (x86)\MiKTeX 2.9\tex\latex\xkeyval\xkeyval.sty"
Package: xkeyval 2012/10/14 v2.6b package option processing (HA)

("C:\Program Files (x86)\MiKTeX 2.9\tex\generic\xkeyval\xkeyval.tex"
\XKV@toks=\toks35
\XKV@tempa@toks=\toks36
\XKV@depth=\count110
File: xkeyval.tex 2012/10/14 v2.6b key=value parser (HA)
)))
\copyrightetc=\toks37

("C:\Program Files (x86)\MiKTeX 2.9\tex\latex\base\fontenc.sty"
Package: fontenc 2005/09/27 v1.99g Standard LaTeX package

("C:\Program Files (x86)\MiKTeX 2.9\tex\latex\base\t1enc.def"
File: t1enc.def 2005/09/27 v1.99g Standard LaTeX file
LaTeX Font Info:    Redeclaring font encoding T1 on input line 43.
)
LaTeX Font Info:    Try loading font information for T1+aer on input line 100.

("C:\Program Files (x86)\MiKTeX 2.9\tex\latex\ae\t1aer.fd"
File: t1aer.fd 1997/11/16 Font definitions for T1/aer.
)
Requested font "aer9" at 9.0pt
 -> aer9
))
("C:\Program Files (x86)\MiKTeX 2.9\tex\latex\tools\multicol.sty"
Package: multicol 2011/06/27 v1.7a multicolumn formatting (FMi)
\c@tracingmulticols=\count111
\mult@box=\box30
\multicol@leftmargin=\dimen123
\c@unbalance=\count112
\c@collectmore=\count113
\doublecol@number=\count114
\multicoltolerance=\count115
\multicolpretolerance=\count116
\full@width=\dimen124
\page@free=\dimen125
\premulticols=\dimen126
\postmulticols=\dimen127
\multicolsep=\skip44
\multicolbaselineskip=\skip45
\partial@page=\box31
\last@line=\box32
\mult@rightbox=\box33
\mult@grightbox=\box34
\mult@gfirstbox=\box35
\mult@firstbox=\box36
\@tempa=\box37
\@tempa=\box38
\@tempa=\box39
\@tempa=\box40
\@tempa=\box41
\@tempa=\box42
\@tempa=\box43
\@tempa=\box44
\@tempa=\box45
\@tempa=\box46
\@tempa=\box47
\@tempa=\box48
\@tempa=\box49
\@tempa=\box50
\@tempa=\box51
\@tempa=\box52
\@tempa=\box53
\c@columnbadness=\count117
\c@finalcolumnbadness=\count118
\last@try=\dimen128
\multicolovershoot=\dimen129
\multicolundershoot=\dimen130
\mult@nat@firstbox=\box54
\colbreak@box=\box55
\multicol@sort@counter=\count119
)
("C:\Program Files (x86)\MiKTeX 2.9\tex\latex\multirow\multirow.sty"
\bigstrutjot=\dimen131
)
("C:\Users\Madhavan Seshadri\PycharmProjects\APIRecognition\NLP Report\sig-alte
rnate-sample.aux")
LaTeX Font Info:    Checking defaults for OML/cmm/m/it on input line 7.
LaTeX Font Info:    ... okay on input line 7.
LaTeX Font Info:    Checking defaults for T1/cmr/m/n on input line 7.
LaTeX Font Info:    ... okay on input line 7.
LaTeX Font Info:    Checking defaults for OT1/cmr/m/n on input line 7.
LaTeX Font Info:    ... okay on input line 7.
LaTeX Font Info:    Checking defaults for OMS/cmsy/m/n on input line 7.
LaTeX Font Info:    ... okay on input line 7.
LaTeX Font Info:    Checking defaults for OMX/cmex/m/n on input line 7.
LaTeX Font Info:    ... okay on input line 7.
LaTeX Font Info:    Checking defaults for U/cmr/m/n on input line 7.
LaTeX Font Info:    ... okay on input line 7.
Requested font "cmr6" at 6.0pt
 -> cmr6
Requested font "cmmi9" at 9.0pt
 -> cmmi9
Requested font "cmmi6" at 6.0pt
 -> cmmi6
Requested font "cmsy9" at 9.0pt
 -> cmsy9
Requested font "cmsy6" at 6.0pt
 -> cmsy6
Requested font "cmex9" at 9.0pt
 -> cmex9
Requested font "cmex7" at 6.0pt
 -> cmex7
Requested font "cmex7" at 5.0pt
 -> cmex7
LaTeX Font Info:    Try loading font information for U+msa on input line 108.

("C:\Program Files (x86)\MiKTeX 2.9\tex\latex\amsfonts\umsa.fd"
File: umsa.fd 2013/01/14 v3.01 AMS symbols A
)
Requested font "msam10" at 9.0pt
 -> msam10
Requested font "msam7" at 6.0pt
 -> msam7
Requested font "msam5" at 5.0pt
 -> msam5
LaTeX Font Info:    Try loading font information for U+msb on input line 108.

("C:\Program Files (x86)\MiKTeX 2.9\tex\latex\amsfonts\umsb.fd"
File: umsb.fd 2013/01/14 v3.01 AMS symbols B
)
Requested font "msbm10" at 9.0pt
 -> msbm10
Requested font "msbm7" at 6.0pt
 -> msbm7
Requested font "msbm5" at 5.0pt
 -> msbm5
LaTeX Font Info:    Try loading font information for U+lasy on input line 108.

("C:\Program Files (x86)\MiKTeX 2.9\tex\latex\base\ulasy.fd"
File: ulasy.fd 1998/08/17 v2.2e LaTeX symbol font definitions
)
Requested font "lasy9" at 9.0pt
 -> lasy9
Requested font "lasy6" at 6.0pt
 -> lasy6
Requested font "lasy5" at 5.0pt
 -> lasy5

Overfull \hbox (7.72232pt too wide) in paragraph at lines 108--108
 []\eaddfnt madhavan001@ntu.edu.sg| 
 []

LaTeX Font Info:    Try loading font information for T1+ptm on input line 108.
("C:\Program Files (x86)\MiKTeX 2.9\tex\latex\psnfss\t1ptm.fd"
File: t1ptm.fd 2001/06/04 font definitions for T1/ptm.
)
Requested font "ptmr8t" at 7.0pt
 -> ptmr8t
LaTeX Font Info:    Try loading font information for OMS+ptm on input line 108.


("C:\Program Files (x86)\MiKTeX 2.9\tex\latex\psnfss\omsptm.fd"
File: omsptm.fd 
)
LaTeX Font Info:    Font shape `OMS/ptm/m/n' in size <7> not available
(Font)              Font shape `OMS/cmsy/m/n' tried instead on input line 108.
Requested font "aer8" at 8.0pt
 -> aer8
Requested font "cmr8" at 8.0pt
 -> cmr8
Requested font "cmmi8" at 8.0pt
 -> cmmi8
Requested font "cmsy8" at 8.0pt
 -> cmsy8
Requested font "cmex8" at 8.0pt
 -> cmex8
Requested font "msam10" at 8.0pt
 -> msam10
Requested font "msbm10" at 8.0pt
 -> msbm10
Requested font "lasy8" at 8.0pt
 -> lasy8
Missing character: There is no “ in font aer9!
Missing character: There is no ” in font aer9!
Missing character: There is no ’ in font aer9!
Missing character: There is no ’ in font aer9!
 [1


]
Overfull \hbox (3.69733pt too wide) in paragraph at lines 137--138
[]\T1/aer/m/n/9 There have been sev-eral stud-ies and ex-per-i-ments per-formed

 []


Overfull \hbox (1.05864pt too wide) in paragraph at lines 137--138
\T1/aer/m/n/9 names from Non-Journalistic Texts [12]. How-ever, such stud-
 []


Overfull \hbox (7.92708pt too wide) in paragraph at lines 137--138
\T1/aer/m/n/9 propos-ing mea-sures to ac-count and cater the dif-fer-ences amon
g
 []

File: AnswerDistribution.jpg Graphic file (type QTm)
<use  "AnswerDistribution.jpg" >
Requested font "aebx9" at 9.0pt
 -> aebx9
File: NumberTokens.png Graphic file (type QTm)
 <use  "NumberTokens.png" > [2]
File: BStemmingBStopWords.png Graphic file (type QTm)

<use  "BStemmingBStopWords.png" >
File: rightArrow.png Graphic file (type QTm)
 <use  "rightArrow.png" >
File: AStemmingBStopWords.png Graphic file (type QTm)

<use  "AStemmingBStopWords.png" >
File: BStemmingAStopWords.png Graphic file (type QTm)
 <use  "BStemmingAStopWords.png" >
File: rightArrow.png Graphic file (type QTm)

<use  "rightArrow.png" >
File: AStemmingAStopWords.png Graphic file (type QTm)
 <use  "AStemmingAStopWords.png" >
Missing character: There is no — in font aer9!

Underfull \hbox (badness 10000) in paragraph at lines 224--229
\T1/aer/m/n/9 class
 []


Overfull \hbox (3.13994pt too wide) in paragraph at lines 224--229
\T1/aer/m/n/9 [You/Pronoun] [would/Verb] [use/Verb] [a/Determiner]
 []


Overfull \hbox (6.17252pt too wide) in paragraph at lines 224--229
\T1/aer/m/n/9 [List/Noun][to/Preposition] [store/Verb] [a/Determiner]
 []


Overfull \hbox (9.15102pt too wide) in paragraph at lines 224--229
\T1/aer/m/n/9 [list/Noun][of/Preposition][student/Noun][details/Noun]
 []


Underfull \hbox (badness 10000) in paragraph at lines 231--235
\T1/aer/m/n/9 form
 []


Underfull \hbox (badness 2790) in paragraph at lines 231--235
\T1/aer/m/n/9 [vari-ables/Noun][posted/Verb] [through/Preposition]
 []

[3]
Underfull \hbox (badness 10000) in paragraph at lines 237--243
\T1/aer/m/n/9 get vari-ables spec-i-fied as URL pa-ram-e-ters.
 []


Underfull \hbox (badness 10000) in paragraph at lines 237--243
\T1/aer/m/n/9 [Re-quest.Params/Noun] [in-cludes/Verb]
 []


Underfull \hbox (badness 10000) in paragraph at lines 237--243
\T1/aer/m/n/9 [both/Determiner] [posted/Verb][form/Noun]
 []


Underfull \hbox (badness 10000) in paragraph at lines 237--243
\T1/aer/m/n/9 [vari-ables/verb] [and/Conjunction][get/Verb]
 []


Underfull \hbox (badness 10000) in paragraph at lines 237--243
\T1/aer/m/n/9 [vari-ables/Noun][specified/Verb] [as/Preposition]
 []


Underfull \hbox (badness 10000) in paragraph at lines 245--251
\T1/aer/m/n/9 int there could be messy re-sults.
 []


Underfull \hbox (badness 10000) in paragraph at lines 245--251
\T1/aer/m/n/9 [If/Preposition] [Ar-ray.Length/Noun] [were/Verb]
 []


Underfull \hbox (badness 10000) in paragraph at lines 253--259
\T1/aer/m/n/9 when you call ex-pandNode()
 []


Underfull \hbox (badness 10000) in paragraph at lines 253--259
\T1/aer/m/n/9 [You/Pronoun] [also/Adverb] [de-lay/Verb]
 []


Underfull \hbox (badness 10000) in paragraph at lines 253--259
\T1/aer/m/n/9 [full/Adjective][parsing/verb] [and/Conjunction]
 []


Underfull \hbox (badness 10000) in paragraph at lines 253--259
\T1/aer/m/n/9 [only/Adverb] [get/Verb] [ad-di-tional/Adjective]
 []


Underfull \hbox (badness 10000) in paragraph at lines 253--259
\T1/aer/m/n/9 [de-tail/Noun] [when/Adverb] [you/Pronoun]
 []


Underfull \hbox (badness 10000) in paragraph at lines 261--267
\T1/aer/m/n/9 brary, will likely suit your needs
 []


Underfull \hbox (badness 10000) in paragraph at lines 261--267
\T1/aer/m/n/9 [part/Noun][of/Preposition] [the/Determiner]
 []


Underfull \hbox (badness 10000) in paragraph at lines 261--267
\T1/aer/m/n/9 [Python/Noun][Standard/Noun][Library/Noun] ,
 []


Underfull \hbox (badness 10000) in paragraph at lines 261--267
\T1/aer/m/n/9 [will/Verb] [likely/Adverb] [suit/Verb]
 []


Underfull \hbox (badness 10000) in paragraph at lines 270--276
\T1/aer/m/n/9 do the ma-nip-u-la-tion
 []


Underfull \hbox (badness 10000) in paragraph at lines 270--276
\T1/aer/m/n/9 [Pass/Verb] [the/Determiner] [au-thor-ity/Noun]
 []


Underfull \hbox (badness 10000) in paragraph at lines 270--276
\T1/aer/m/n/9 [ob-ject/Noun] [like/Preposition] [a/Determiner]
 []


Underfull \hbox (badness 10000) in paragraph at lines 270--276
\T1/aer/m/n/9 [QTextE-dit/Noun] [to/Preposition] [do/Verb]
 []


Overfull \hbox (8.96115pt too wide) in paragraph at lines 278--283
[]\T1/aer/m/n/9 I be-lieve you could do this by us-ing this.Master.FindControl
 []


Underfull \hbox (badness 10000) in paragraph at lines 278--283
\T1/aer/m/n/9 or some-thing sim-i-lar
 []


Overfull \hbox (1.48357pt too wide) in paragraph at lines 278--283
\T1/aer/m/n/9 [I/Pronoun] [be-lieve/Verb] [you/Pronoun] [could/Verb]
 []


Underfull \hbox (badness 10000) in paragraph at lines 278--283
\T1/aer/m/n/9 [do/Verb] [this/Determiner] [by/Preposition]
 []


Underfull \hbox (badness 10000) in paragraph at lines 278--283
\T1/aer/m/n/9 [us-ing/Verb] [this.Master.FindControl/Noun]
 []


Underfull \hbox (badness 10000) in paragraph at lines 285--291
\T1/aer/m/n/9 String.Join method to cre-ate your line
 []


Overfull \hbox (3.73393pt too wide) in paragraph at lines 285--291
\T1/aer/m/n/9 [You/Pronoun] [could/Verb] [also/Adverb] [make/Verb]
 []


Underfull \hbox (badness 10000) in paragraph at lines 285--291
\T1/aer/m/n/9 [an/Determiner] [ar-ray/Noun] [of/Preposition]
 []


Underfull \hbox (badness 10000) in paragraph at lines 285--291
\T1/aer/m/n/9 [c.Name/Noun] [data/Noun] [and/Conjunction]
 []


Underfull \hbox (badness 10000) in paragraph at lines 285--291
\T1/aer/m/n/9 [use/Verb] [String.Join/Noun] [method/Noun]
 []


Overfull \hbox (16.4321pt too wide) in paragraph at lines 285--291
\T1/aer/m/n/9 [to/Preposition] [cre-ate/Verb] [your/Pronoun] [line/Noun]. 
 []


Underfull \hbox (badness 10000) in paragraph at lines 293--299
\T1/aer/m/n/9 ap-proach, but it def-i-nitely looks cleaner
 []


Overfull \hbox (5.07489pt too wide) in paragraph at lines 293--299
\T1/aer/m/n/9 [This/Determiner] [might/Verb] [not/Adverb] [be/Verb]
 []


Overfull \hbox (7.5942pt too wide) in paragraph at lines 293--299
\T1/aer/m/n/9 [as/Preposition] [per-for-mant/Adjective] [as/Preposition]
 []


Overfull \hbox (11.5093pt too wide) in paragraph at lines 293--299
\T1/aer/m/n/9 [the/Determiner] [String-Builder/Noun] [ap-proach/Noun],
 []


Underfull \hbox (badness 4927) in paragraph at lines 293--299
\T1/aer/m/n/9 [but/Conjunction] [it/Pronoun] [def-i-nitely/Adverb]
 []

Missing character: There is no – in font aer9!

Overfull \hbox (10.24908pt too wide) in paragraph at lines 307--309
\T1/aer/m/n/9 that are com-monly used. Code ap-pear-ing in the <pre><code>
 []

Missing character: There is no ‘ in font aer9!
Missing character: There is no ‘ in font aer9!
Missing character: There is no ‘ in font aer9!
Missing character: There is no ’ in font aer9!
Missing character: There is no ‘ in font aer9!
Missing character: There is no ’ in font aer9!
[4]
Missing character: There is no ’ in font aer9!
Missing character: There is no “ in font aer9!
Missing character: There is no ” in font aer9!

Overfull \hbox (8.13373pt too wide) in paragraph at lines 330--331
[]\T1/aer/m/n/9 java -cp stanford-ner.jar edu.stanford.nlp.ie.crf.CRFClassifier

 []


Overfull \hbox (8.13373pt too wide) in paragraph at lines 335--336
[]\T1/aer/m/n/9 java -cp stanford-ner.jar edu.stanford.nlp.ie.crf.CRFClassifier

 []

Missing character: There is no − in font aer9!
[5]
File: Performance1.png Graphic file (type QTm)
 <use  "Performance1.png" >
File: Performance2.png Graphic file (type QTm)
 <use  "Performance2.png" >
Underfull \vbox (badness 8189) has occurred while \output is active []


Overfull \hbox (1.98822pt too wide) in paragraph at lines 418--428
 [] 
 []


Overfull \hbox (19.92477pt too wide) in paragraph at lines 438--452
 [] 
 []

[6]
Missing character: There is no ’ in font aer9!

("C:\Users\Madhavan Seshadri\PycharmProjects\APIRecognition\NLP Report\sig-alte
rnate-sample.bbl"
Requested font "aeti9" at 9.0pt
 -> aeti9
 [7]) [8

]
("C:\Users\Madhavan Seshadri\PycharmProjects\APIRecognition\NLP Report\sig-alte
rnate-sample.aux") ) 
Here is how much of TeX's memory you used:
 2601 strings out of 429035
 30406 string characters out of 3166907
 97041 words of memory out of 3000000
 5797 multiletter control sequences out of 15000+200000
 44606 words of font info for 60 fonts, out of 3000000 for 9000
 912 hyphenation exceptions out of 8191
 41i,10n,37p,1359b,464s stack positions out of 5000i,500n,10000p,200000b,50000s

Output written on sig-alternate-sample.pdf (8 pages).
